
> react-typescript-starter@0.1.0 test
> react-scripts test "--coverage"

PASS src/nested.test.ts
FAIL src/arrays.test.ts
  ● Testing the array functions › Testing the injectPositive function

    expect(received).toEqual(expected) // deep equality

    - Expected  - 1
    + Received  + 1

      Array [
        100,
        199,
        1,
        -5,
    -   300,
        7,
        3,
    +   305,
      ]

      267 |         expect(injectPositive(NUMBERS_3)).toEqual([5, 5]);
      268 |         expect(injectPositive(NUMBERS_4)).toEqual([0]);
    > 269 |         expect(injectPositive(NUMBERS_5)).toEqual([100, 199, 1, -5, 300, 7, 3]);
          |                                           ^
      270 |         expect(injectPositive(NUMBERS_6)).toEqual([-100, 0, -200, 100, 200]);
      271 |         expect(injectPositive(NUMBERS_7)).toEqual([199, 1, 550, 50, 200, 1000]);
      272 |     });

      at Object.<anonymous> (src/arrays.test.ts:269:43)

PASS src/objects.test.ts
PASS src/HtmlCss.test.tsx
PASS src/functions.test.ts
PASS src/text.test.tsx
PASS src/App.test.tsx
----------------|---------|----------|---------|---------|-------------------
File            | % Stmts | % Branch | % Funcs | % Lines | Uncovered Line #s 
----------------|---------|----------|---------|---------|-------------------
All files       |   95.43 |     96.1 |   96.15 |   95.81 |                   
 src            |   95.43 |     96.1 |   96.15 |   95.81 |                   
  App.tsx       |     100 |      100 |     100 |     100 |                   
  arrays.ts     |   89.39 |    95.65 |   88.46 |   90.16 | 143-152           
  functions.ts  |     100 |      100 |     100 |     100 |                   
  nested.ts     |   98.57 |    95.65 |     100 |   98.55 | 48                
  objects.ts    |   97.36 |    94.11 |     100 |   97.36 | 61                
 src/interfaces |       0 |        0 |       0 |       0 |                   
  answer.ts     |       0 |        0 |       0 |       0 |                   
  question.ts   |       0 |        0 |       0 |       0 |                   
----------------|---------|----------|---------|---------|-------------------

Test Suites: 1 failed, 6 passed, 7 total
Tests:       1 failed, 48 passed, 49 total
Snapshots:   0 total
Time:        4.336 s
Ran all test suites.
